1672168803589:hello
1672168818730:quit
1672170146455:vai
1672170398583:quit
1672170466949:vai
1672264127220:adfsfdsa
1672264262675:help
1672266493002:vai
1672269727465:quit
1672269766140:help
1672269776378:text1
1672269778463:t1
1672269785519:text2
1672269786888:t2
1672269811115:t1
1672269821060:help
1672270871232:quit
1672270887764:help
1672270895060:cerca
1672270933966:QUIT
1672270937869:quit
1672270950069:help
1672270955063:cerca
1672279269867:vai
1672420864253:test
1672420872629:vai
1672420991886:component string
1672421150090:component path
1672421541576:component string
1672423495885:vai
1672423979926:test
1672423984163:adfdfsa
1672425251892:daje
1672425846047:vai
1672426799670:.
1672426825594:200
1672426829610:2,3,4
1672426832609:2
1672426842155:history
1672426847044:vai
1672426851004:.
1672426855589:1
1672426860935:234,3,2
1672426862094:32
1672427017700:vai
1672427020568:.
1672437290921:vai
1672437293686:.
1672437381842:vai
1672437383115:.
1672437399109:1
1672437601247:7,11,12,17,27,34,37,43,73,86
1672437604906:4
1672437737727:vai
1672437738945:.
1672437740526:1
1672437764373:7,11,12,17,27,34,37,43,73,86
1672437766355:4
1672437951354:vai
1672437953627:.
1672437954923:1
1672437979272:7,11,12,17,27,34,37,43,73,86
1672437981454:4
